0 info it worked if it ends with ok
1 verbose cli [ 'C:\\Program Files\\nodejs\\\\node.exe',
1 verbose cli   'C:\\Program Files\\nodejs\\node_modules\\npm\\bin\\npm-cli.js',
1 verbose cli   'install',
1 verbose cli   '-g',
1 verbose cli   'ionic' ]
2 info using npm@2.5.1
3 info using node@v0.12.0
4 verbose node symlink C:\Program Files\nodejs\\node.exe
5 silly cache add args [ 'ionic', null ]
6 verbose cache add spec ionic
7 silly cache add parsed spec { raw: 'ionic',
7 silly cache add   scope: null,
7 silly cache add   name: null,
7 silly cache add   rawSpec: 'ionic',
7 silly cache add   spec: 'E:\\IONIC\\MyToiletApp\\ionic',
7 silly cache add   type: 'local' }
8 silly addLocalTarball shasum (computed) da39a3ee5e6b4b0d3255bfef95601890afd80709
9 verbose addTmpTarball E:\IONIC\MyToiletApp\ionic not in flight; adding
10 verbose addTmpTarball validating metadata from E:\IONIC\MyToiletApp\ionic
11 verbose tar unpack E:\IONIC\MyToiletApp\ionic
12 verbose tar unpacking to C:\Users\ravisha\AppData\Local\Temp\npm-25512-f484de58\unpack-2e02cab31d74
13 verbose gentlyRm vacuuming C:\Users\ravisha\AppData\Local\Temp\npm-25512-f484de58\unpack-2e02cab31d74
14 silly gunzTarPerm modes [ '777', '666' ]
15 error tar.unpack error reading E:\IONIC\MyToiletApp\ionic
16 error addLocal Could not install E:\IONIC\MyToiletApp\ionic
17 verbose stack Error: 0-byte tarball
17 verbose stack Please run `npm cache clean`
17 verbose stack     at C:\Program Files\nodejs\node_modules\npm\lib\utils\tar.js:126:14
17 verbose stack     at FSReqWrap.oncomplete (evalmachine.<anonymous>:99:15)
18 verbose cwd E:\IONIC\MyToiletApp
19 error Windows_NT 6.1.7601
20 error argv "C:\\Program Files\\nodejs\\\\node.exe" "C:\\Program Files\\nodejs\\node_modules\\npm\\bin\\npm-cli.js" "install" "-g" "ionic"
21 error node v0.12.0
22 error npm  v2.5.1
23 error 0-byte tarball
23 error Please run `npm cache clean`
24 error If you need help, you may report this error at:
24 error     <http://github.com/npm/npm/issues>
25 verbose exit [ 1, true ]
